<?xml version="1.0" encoding="UTF-8"?>
<!-- Generated by org.testng.reporters.JUnitReportReporter -->
<testsuite skipped="0" hostname="LAPTOP-G176N8GQ" name="com.ultimateqa.courses.testsuite.SignInPageTest" tests="2" failures="0" timestamp="2022-12-12T11:22:46 GMT" time="36.944" errors="0">
  <testcase name="verifyTheErrorMessage" time="18.498" classname="com.ultimateqa.courses.testsuite.SignInPageTest"/>
  <system-out>
    <![CDATA[Click on sign in link[[ChromeDriver: chrome on WINDOWS (8bae4cf8bad6921b8a930a5ff8d5d81e)] -> xpath: //a[contains(text(),'Sign In')]]
Enter email id[[ChromeDriver: chrome on WINDOWS (8bae4cf8bad6921b8a930a5ff8d5d81e)] -> id: user[email]]
Enter password field[[ChromeDriver: chrome on WINDOWS (8bae4cf8bad6921b8a930a5ff8d5d81e)] -> id: user[password]]
Click on sign in button[[ChromeDriver: chrome on WINDOWS (8bae4cf8bad6921b8a930a5ff8d5d81e)] -> xpath: //button[contains(text(),'Sign in')]]
Get invalid text[[ChromeDriver: chrome on WINDOWS (8bae4cf8bad6921b8a930a5ff8d5d81e)] -> xpath: //li[contains(text(),'Invalid email or password.')]]]]>
  </system-out>
  <testcase name="userShouldNavigateToLoginPageSuccessfully" time="18.446" classname="com.ultimateqa.courses.testsuite.SignInPageTest"/>
  <system-out>
    <![CDATA[Click on sign in link[[ChromeDriver: chrome on WINDOWS (c3e419f477d6d10b428e375df840e757)] -> xpath: //a[contains(text(),'Sign In')]]
Get welcome text[[ChromeDriver: chrome on WINDOWS (c3e419f477d6d10b428e375df840e757)] -> xpath: //h2[contains(text(),'Welcome Back!')]]]]>
  </system-out>
</testsuite> <!-- com.ultimateqa.courses.testsuite.SignInPageTest -->
